1678756817849:add-movie-rest --imdb movietest --title movietestokee
1678757092379:add-movie-rest --imdb moviehehe --title move heheheh
1678757360467:add-movie-rest --imdb asdfasdf --title asdfasdfasdf
1678757447935:add-movie-rest --imdb asdfasdf --title adsfsadfasdf
1678757808840:add-movie-rest --imdb asdfsadf --title asfasdfasdf
1678757825709:get-movies-rest
1678757884850:add-movie-rest --imdb asdfsadf --title asfasdfasdf
1678758431201:delete-movie-rest --imdb test imdb
1678758616724:delete-movie-rest --imdb "test imdb"
1678758821318:get-movie-rest --imdb "test imdb"
1678759099575:dislike-movie-rest --imdb "test imdb"
1678759242223:like-movie-rest --imdb "test imdb"
1678760761244:like-movie-rest --imdb "aaa"
1678760879078:get-movie-rest --imdb "aaa"
1678761212029:like-movie-rest --imdb "aaa"
1678761533508:get-movie-rest --imdb "aaa"
1678761542274:like-movie-rest --imdb "aaa"
1678762549816:get-movie-rest --imdb "aaa"
1678762816145:like-movie-rest --imdb "aaa"
1678763844308:like-movie-rest
1678763856352:like-movie-rest --imdb aaa
1678764068184:like-movie-rest --imdb "aaa"
1678767299784:get-movie-rest
1678767315705:get-movies-rest
1678767340761:stacktrace
1678767450237:get-movies-rest
1678821080277:movie-client-shell> movie-client-shell> movie-client-shell>
1678821089211:get-movies-rest
